Already up to date.
/project/6002780/kaim/demucs/demucs/train.py:22: UserWarning: TorchAudio's global backend is now deprecated. Please enable distpatcher by setting `TORCHAUDIO_USE_BACKEND_DISPATCHER=1`, and specify backend when calling load/info/save function.
  import torchaudio
[1mParser[0m Injecting argv ['model=htdemucs'] from sig 8ad9d354
/project/6002780/kaim/demucs/demucs_env/lib/python3.10/site-packages/hydra/_internal/hydra.py:119: UserWarning: Future Hydra versions will no longer change working directory at job runtime by default.
See https://hydra.cc/docs/1.2/upgrades/1.1_to_1.2/changes_to_job_working_dir/ for more information.
  ret = run_job(
[[36m04-18 12:30:21[0m][[34mdemucs.train[0m][[32mINFO[0m] - For logs, checkpoints and samples check /project/6002780/kaim/demucs/outputs/xps/8ad9d354[0m
wandb: Appending key for api.wandb.ai to your netrc file: /home/kaim/.netrc
wandb: Currently logged in as: kaimikkelsen (kaimikkelsen-mcgill-university) to https://api.wandb.ai. Use `wandb login --relogin` to force relogin
wandb: Using wandb-core as the SDK backend.  Please refer to https://wandb.me/wandb-core for more information.
wandb: Tracking run with wandb version 0.19.6
wandb: Run data is saved locally in /project/6002780/kaim/demucs/outputs/xps/8ad9d354/wandb/run-20250418_123022-jng30y8i
wandb: Run `wandb offline` to turn off syncing.
wandb: Syncing run demucs_2025-04-18
wandb: ‚≠êÔ∏è View project at https://wandb.ai/kaimikkelsen-mcgill-university/demucs
wandb: üöÄ View run at https://wandb.ai/kaimikkelsen-mcgill-university/demucs/runs/jng30y8i
[[36m04-18 12:30:28[0m][[34mdora.distrib[0m][[32mINFO[0m] - world_size is 1, skipping init.[0m
musdb dataset
train_path /home/kaim/scratch/MUSDB18HQ/train
valid_path /home/kaim/scratch/MUSDB18HQ/valid
Valid path exists: True
metadata_file /project/6002780/kaim/demucs/metadata/musdb_6c8313ae.json
metadata path /project/6002780/kaim/demucs/metadata
after 14
valid sampled
[[36m04-18 12:30:45[0m][[34mdemucs.train[0m][[32mINFO[0m] - train/valid set size: 18368 14[0m
[[36m04-18 12:30:45[0m][[34mdemucs.solver[0m][[32mINFO[0m] - Loading checkpoint model: /project/6002780/kaim/demucs/outputs/xps/8ad9d354/checkpoint.th[0m
[[36m04-18 12:30:49[0m][[34mdemucs.solver[0m][[32mINFO[0m] - Replaying metrics from previous run[0m
[[36m04-18 12:30:49[0m][[34mdemucs.solver[0m][[32mINFO[0m] - [1mTrain Summary | Epoch 1 | Loss=0.1659 | Reco=0.1659 | Grad=0.0818[0m
[[36m04-18 12:30:49[0m][[34mdemucs.solver[0m][[32mINFO[0m] - [1mValid Summary | Epoch 1 | Loss=0.2207 | Reco=0.2207 | Nsdr=3.522 | Best=0.2207 | Bname=main[0m
[[36m04-18 12:30:49[0m][[34mdemucs.solver[0m][[32mINFO[0m] - [1mTrain Summary | Epoch 2 | Loss=0.1401 | Reco=0.1401 | Grad=0.0848[0m
[[36m04-18 12:30:49[0m][[34mdemucs.solver[0m][[32mINFO[0m] - [1mValid Summary | Epoch 2 | Loss=0.2021 | Reco=0.2021 | Nsdr=4.227 | Best=0.2021 | Bname=main[0m
[[36m04-18 12:30:49[0m][[34mdemucs.solver[0m][[32mINFO[0m] - [1mTrain Summary | Epoch 3 | Loss=0.1303 | Reco=0.1303 | Grad=0.0836[0m
[[36m04-18 12:30:49[0m][[34mdemucs.solver[0m][[32mINFO[0m] - [1mValid Summary | Epoch 3 | Loss=0.1966 | Reco=0.1966 | Nsdr=4.431 | Best=0.1966 | Bname=main[0m
[[36m04-18 12:30:49[0m][[34mdemucs.solver[0m][[32mINFO[0m] - [1mTrain Summary | Epoch 4 | Loss=0.1232 | Reco=0.1232 | Grad=0.0810[0m
[[36m04-18 12:30:49[0m][[34mdemucs.solver[0m][[32mINFO[0m] - [1mValid Summary | Epoch 4 | Loss=0.1915 | Reco=0.1915 | Nsdr=4.691 | Best=0.1915 | Bname=main[0m
[[36m04-18 12:30:49[0m][[34mdemucs.solver[0m][[32mINFO[0m] - [1mTrain Summary | Epoch 5 | Loss=0.1182 | Reco=0.1182 | Grad=0.0776[0m
[[36m04-18 12:30:49[0m][[34mdemucs.solver[0m][[32mINFO[0m] - [1mValid Summary | Epoch 5 | Loss=0.1864 | Reco=0.1864 | Nsdr=4.866 | Best=0.1864 | Bname=main[0m
[[36m04-18 12:30:49[0m][[34mdemucs.solver[0m][[32mINFO[0m] - [1mTrain Summary | Epoch 6 | Loss=0.1139 | Reco=0.1139 | Grad=0.0782[0m
[[36m04-18 12:30:49[0m][[34mdemucs.solver[0m][[32mINFO[0m] - [1mValid Summary | Epoch 6 | Loss=0.1871 | Reco=0.1871 | Nsdr=4.947 | Best=0.1864 | Bname=main[0m
[[36m04-18 12:30:49[0m][[34mdemucs.solver[0m][[32mINFO[0m] - [1mTrain Summary | Epoch 7 | Loss=0.1107 | Reco=0.1107 | Grad=0.0761[0m
[[36m04-18 12:30:49[0m][[34mdemucs.solver[0m][[32mINFO[0m] - [1mValid Summary | Epoch 7 | Loss=0.1816 | Reco=0.1816 | Nsdr=5.082 | Best=0.1816 | Bname=main[0m
[[36m04-18 12:30:49[0m][[34mdemucs.solver[0m][[32mINFO[0m] - [1mTrain Summary | Epoch 8 | Loss=0.1084 | Reco=0.1084 | Grad=0.0775[0m
[[36m04-18 12:30:49[0m][[34mdemucs.solver[0m][[32mINFO[0m] - [1mValid Summary | Epoch 8 | Loss=0.1780 | Reco=0.1780 | Nsdr=5.266 | Best=0.1780 | Bname=main[0m
[[36m04-18 12:30:49[0m][[34mdemucs.solver[0m][[32mINFO[0m] - [1mTrain Summary | Epoch 9 | Loss=0.1055 | Reco=0.1055 | Grad=0.0751[0m
[[36m04-18 12:30:49[0m][[34mdemucs.solver[0m][[32mINFO[0m] - [1mValid Summary | Epoch 9 | Loss=0.1797 | Reco=0.1797 | Nsdr=5.188 | Best=0.1780 | Bname=main[0m
[[36m04-18 12:30:49[0m][[34mdemucs.solver[0m][[32mINFO[0m] - [1mTrain Summary | Epoch 10 | Loss=0.1032 | Reco=0.1032 | Grad=0.0729[0m
[[36m04-18 12:30:49[0m][[34mdemucs.solver[0m][[32mINFO[0m] - [1mValid Summary | Epoch 10 | Loss=0.1734 | Reco=0.1734 | Nsdr=5.473 | Best=0.1734 | Bname=main[0m
[[36m04-18 12:30:49[0m][[34mdemucs.solver[0m][[32mINFO[0m] - [1mTrain Summary | Epoch 11 | Loss=0.1014 | Reco=0.1014 | Grad=0.0720[0m
[[36m04-18 12:30:49[0m][[34mdemucs.solver[0m][[32mINFO[0m] - [1mValid Summary | Epoch 11 | Loss=0.1741 | Reco=0.1741 | Nsdr=5.479 | Best=0.1734 | Bname=main[0m
[[36m04-18 12:30:49[0m][[34mdemucs.solver[0m][[32mINFO[0m] - [1mTrain Summary | Epoch 12 | Loss=0.1000 | Reco=0.1000 | Grad=0.0735[0m
[[36m04-18 12:30:49[0m][[34mdemucs.solver[0m][[32mINFO[0m] - [1mValid Summary | Epoch 12 | Loss=0.1741 | Reco=0.1741 | Nsdr=5.492 | Best=0.1734 | Bname=main[0m
[[36m04-18 12:30:49[0m][[34mdemucs.solver[0m][[32mINFO[0m] - [1mTrain Summary | Epoch 13 | Loss=0.0987 | Reco=0.0987 | Grad=0.0708[0m
[[36m04-18 12:30:49[0m][[34mdemucs.solver[0m][[32mINFO[0m] - [1mValid Summary | Epoch 13 | Loss=0.1711 | Reco=0.1711 | Nsdr=5.647 | Best=0.1711 | Bname=main[0m
[[36m04-18 12:30:49[0m][[34mdemucs.solver[0m][[32mINFO[0m] - [1mTrain Summary | Epoch 14 | Loss=0.0977 | Reco=0.0977 | Grad=0.0707[0m
[[36m04-18 12:30:49[0m][[34mdemucs.solver[0m][[32mINFO[0m] - [1mValid Summary | Epoch 14 | Loss=0.1692 | Reco=0.1692 | Nsdr=5.694 | Best=0.1692 | Bname=main[0m
[[36m04-18 12:30:49[0m][[34mdemucs.solver[0m][[32mINFO[0m] - [1mTrain Summary | Epoch 15 | Loss=0.0961 | Reco=0.0961 | Grad=0.0702[0m
[[36m04-18 12:30:49[0m][[34mdemucs.solver[0m][[32mINFO[0m] - [1mValid Summary | Epoch 15 | Loss=0.1700 | Reco=0.1700 | Nsdr=5.671 | Best=0.1692 | Bname=main[0m
[[36m04-18 12:30:49[0m][[34mdemucs.solver[0m][[32mINFO[0m] - [1mTrain Summary | Epoch 16 | Loss=0.0952 | Reco=0.0952 | Grad=0.0697[0m
[[36m04-18 12:30:49[0m][[34mdemucs.solver[0m][[32mINFO[0m] - [1mValid Summary | Epoch 16 | Loss=0.1675 | Reco=0.1675 | Nsdr=5.783 | Best=0.1675 | Bname=main[0m
[[36m04-18 12:30:49[0m][[34mdemucs.solver[0m][[32mINFO[0m] - [1mTrain Summary | Epoch 17 | Loss=0.0942 | Reco=0.0942 | Grad=0.0678[0m
[[36m04-18 12:30:49[0m][[34mdemucs.solver[0m][[32mINFO[0m] - [1mValid Summary | Epoch 17 | Loss=0.1660 | Reco=0.1660 | Nsdr=5.874 | Best=0.1660 | Bname=main[0m
[[36m04-18 12:30:49[0m][[34mdemucs.solver[0m][[32mINFO[0m] - [1mTrain Summary | Epoch 18 | Loss=0.0935 | Reco=0.0935 | Grad=0.0674[0m
[[36m04-18 12:30:49[0m][[34mdemucs.solver[0m][[32mINFO[0m] - [1mValid Summary | Epoch 18 | Loss=0.1675 | Reco=0.1675 | Nsdr=5.780 | Best=0.1660 | Bname=main[0m
[[36m04-18 12:30:49[0m][[34mdemucs.solver[0m][[32mINFO[0m] - [1mTrain Summary | Epoch 19 | Loss=0.0924 | Reco=0.0924 | Grad=0.0681[0m
[[36m04-18 12:30:49[0m][[34mdemucs.solver[0m][[32mINFO[0m] - [1mValid Summary | Epoch 19 | Loss=0.1645 | Reco=0.1645 | Nsdr=5.977 | Best=0.1645 | Bname=main[0m
[[36m04-18 12:30:49[0m][[34mdemucs.solver[0m][[32mINFO[0m] - [1mTrain Summary | Epoch 20 | Loss=0.0917 | Reco=0.0917 | Grad=0.0672[0m
[[36m04-18 12:30:49[0m][[34mdemucs.solver[0m][[32mINFO[0m] - [1mValid Summary | Epoch 20 | Loss=0.1647 | Reco=0.1647 | Nsdr=5.947 | Best=0.1645 | Bname=main[0m
[[36m04-18 12:30:49[0m][[34mdemucs.solver[0m][[32mINFO[0m] - [1mTest Summary | Epoch 20 | Nsdr=5.260 | Nsdr_drums=6.144 | Nsdr_bass=4.946 | Nsdr_other=3.776 | Nsdr_vocals=6.176[0m
[[36m04-18 12:30:49[0m][[34mdemucs.solver[0m][[32mINFO[0m] - [1mTrain Summary | Epoch 21 | Loss=0.0912 | Reco=0.0912 | Grad=0.0664[0m
[[36m04-18 12:30:49[0m][[34mdemucs.solver[0m][[32mINFO[0m] - [1mValid Summary | Epoch 21 | Loss=0.1616 | Reco=0.1616 | Nsdr=6.080 | Best=0.1616 | Bname=main[0m
[[36m04-18 12:30:49[0m][[34mdemucs.solver[0m][[32mINFO[0m] - [1mTrain Summary | Epoch 22 | Loss=0.0902 | Reco=0.0902 | Grad=0.0654[0m
[[36m04-18 12:30:49[0m][[34mdemucs.solver[0m][[32mINFO[0m] - [1mValid Summary | Epoch 22 | Loss=0.1620 | Reco=0.1620 | Nsdr=6.109 | Best=0.1616 | Bname=main[0m
[[36m04-18 12:30:49[0m][[34mdemucs.solver[0m][[32mINFO[0m] - [1mTrain Summary | Epoch 23 | Loss=0.0895 | Reco=0.0895 | Grad=0.0654[0m
[[36m04-18 12:30:49[0m][[34mdemucs.solver[0m][[32mINFO[0m] - [1mValid Summary | Epoch 23 | Loss=0.1609 | Reco=0.1609 | Nsdr=6.085 | Best=0.1609 | Bname=main[0m
[[36m04-18 12:30:49[0m][[34mdemucs.solver[0m][[32mINFO[0m] - [1mTrain Summary | Epoch 24 | Loss=0.0892 | Reco=0.0892 | Grad=0.0663[0m
[[36m04-18 12:30:49[0m][[34mdemucs.solver[0m][[32mINFO[0m] - [1mValid Summary | Epoch 24 | Loss=0.1620 | Reco=0.1620 | Nsdr=6.097 | Best=0.1609 | Bname=main[0m
[[36m04-18 12:30:49[0m][[34mdemucs.solver[0m][[32mINFO[0m] - [1mTrain Summary | Epoch 25 | Loss=0.0886 | Reco=0.0886 | Grad=0.0639[0m
[[36m04-18 12:30:49[0m][[34mdemucs.solver[0m][[32mINFO[0m] - [1mValid Summary | Epoch 25 | Loss=0.1604 | Reco=0.1604 | Nsdr=6.149 | Best=0.1604 | Bname=main[0m
[[36m04-18 12:30:49[0m][[34mdemucs.solver[0m][[32mINFO[0m] - [1mTrain Summary | Epoch 26 | Loss=0.0879 | Reco=0.0879 | Grad=0.0649[0m
[[36m04-18 12:30:49[0m][[34mdemucs.solver[0m][[32mINFO[0m] - [1mValid Summary | Epoch 26 | Loss=0.1599 | Reco=0.1599 | Nsdr=6.229 | Best=0.1599 | Bname=main[0m
[[36m04-18 12:30:49[0m][[34mdemucs.solver[0m][[32mINFO[0m] - [1mTrain Summary | Epoch 27 | Loss=0.0874 | Reco=0.0874 | Grad=0.0640[0m
[[36m04-18 12:30:49[0m][[34mdemucs.solver[0m][[32mINFO[0m] - [1mValid Summary | Epoch 27 | Loss=0.1582 | Reco=0.1582 | Nsdr=6.297 | Best=0.1582 | Bname=main[0m
[[36m04-18 12:30:49[0m][[34mdemucs.solver[0m][[32mINFO[0m] - [1mTrain Summary | Epoch 28 | Loss=0.0872 | Reco=0.0872 | Grad=0.0650[0m
[[36m04-18 12:30:49[0m][[34mdemucs.solver[0m][[32mINFO[0m] - [1mValid Summary | Epoch 28 | Loss=0.1589 | Reco=0.1589 | Nsdr=6.258 | Best=0.1582 | Bname=main[0m
[[36m04-18 12:30:49[0m][[34mdemucs.solver[0m][[32mINFO[0m] - [1mTrain Summary | Epoch 29 | Loss=0.0865 | Reco=0.0865 | Grad=0.0632[0m
[[36m04-18 12:30:49[0m][[34mdemucs.solver[0m][[32mINFO[0m] - [1mValid Summary | Epoch 29 | Loss=0.1580 | Reco=0.1580 | Nsdr=6.321 | Best=0.1580 | Bname=main[0m
[[36m04-18 12:30:49[0m][[34mdemucs.solver[0m][[32mINFO[0m] - [1mTrain Summary | Epoch 30 | Loss=0.0862 | Reco=0.0862 | Grad=0.0634[0m
[[36m04-18 12:30:49[0m][[34mdemucs.solver[0m][[32mINFO[0m] - [1mValid Summary | Epoch 30 | Loss=0.1580 | Reco=0.1580 | Nsdr=6.323 | Best=0.1580 | Bname=main[0m
[[36m04-18 12:30:49[0m][[34mdemucs.solver[0m][[32mINFO[0m] - [1mTrain Summary | Epoch 31 | Loss=0.0855 | Reco=0.0855 | Grad=0.0629[0m
[[36m04-18 12:30:49[0m][[34mdemucs.solver[0m][[32mINFO[0m] - [1mValid Summary | Epoch 31 | Loss=0.1569 | Reco=0.1569 | Nsdr=6.385 | Best=0.1569 | Bname=main[0m
[[36m04-18 12:30:49[0m][[34mdemucs.solver[0m][[32mINFO[0m] - [1mTrain Summary | Epoch 32 | Loss=0.0852 | Reco=0.0852 | Grad=0.0642[0m
[[36m04-18 12:30:49[0m][[34mdemucs.solver[0m][[32mINFO[0m] - [1mValid Summary | Epoch 32 | Loss=0.1583 | Reco=0.1583 | Nsdr=6.258 | Best=0.1569 | Bname=main[0m
[[36m04-18 12:30:49[0m][[34mdemucs.solver[0m][[32mINFO[0m] - [1mTrain Summary | Epoch 33 | Loss=0.0850 | Reco=0.0850 | Grad=0.0635[0m
[[36m04-18 12:30:49[0m][[34mdemucs.solver[0m][[32mINFO[0m] - [1mValid Summary | Epoch 33 | Loss=0.1576 | Reco=0.1576 | Nsdr=6.349 | Best=0.1569 | Bname=main[0m
[[36m04-18 12:30:49[0m][[34mdemucs.solver[0m][[32mINFO[0m] - [1mTrain Summary | Epoch 34 | Loss=0.0843 | Reco=0.0843 | Grad=0.0617[0m
[[36m04-18 12:30:49[0m][[34mdemucs.solver[0m][[32mINFO[0m] - [1mValid Summary | Epoch 34 | Loss=0.1572 | Reco=0.1572 | Nsdr=6.376 | Best=0.1569 | Bname=main[0m
[[36m04-18 12:30:49[0m][[34mdemucs.solver[0m][[32mINFO[0m] - [1mTrain Summary | Epoch 35 | Loss=0.0837 | Reco=0.0837 | Grad=0.0614[0m
[[36m04-18 12:30:49[0m][[34mdemucs.solver[0m][[32mINFO[0m] - [1mValid Summary | Epoch 35 | Loss=0.1567 | Reco=0.1567 | Nsdr=6.430 | Best=0.1567 | Bname=main[0m
[[36m04-18 12:30:49[0m][[34mdemucs.solver[0m][[32mINFO[0m] - [1mTrain Summary | Epoch 36 | Loss=0.0836 | Reco=0.0836 | Grad=0.0621[0m
[[36m04-18 12:30:49[0m][[34mdemucs.solver[0m][[32mINFO[0m] - [1mValid Summary | Epoch 36 | Loss=0.1564 | Reco=0.1564 | Nsdr=6.372 | Best=0.1564 | Bname=main[0m
[[36m04-18 12:30:49[0m][[34mdemucs.solver[0m][[32mINFO[0m] - [1mTrain Summary | Epoch 37 | Loss=0.0831 | Reco=0.0831 | Grad=0.0625[0m
[[36m04-18 12:30:49[0m][[34mdemucs.solver[0m][[32mINFO[0m] - [1mValid Summary | Epoch 37 | Loss=0.1554 | Reco=0.1554 | Nsdr=6.440 | Best=0.1554 | Bname=main[0m
[[36m04-18 12:30:49[0m][[34mdemucs.solver[0m][[32mINFO[0m] - [1mTrain Summary | Epoch 38 | Loss=0.0828 | Reco=0.0828 | Grad=0.0617[0m
[[36m04-18 12:30:49[0m][[34mdemucs.solver[0m][[32mINFO[0m] - [1mValid Summary | Epoch 38 | Loss=0.1529 | Reco=0.1529 | Nsdr=6.573 | Best=0.1529 | Bname=main[0m
[[36m04-18 12:30:49[0m][[34mdemucs.solver[0m][[32mINFO[0m] - [1mTrain Summary | Epoch 39 | Loss=0.0827 | Reco=0.0827 | Grad=0.0621[0m
[[36m04-18 12:30:49[0m][[34mdemucs.solver[0m][[32mINFO[0m] - [1mValid Summary | Epoch 39 | Loss=0.1547 | Reco=0.1547 | Nsdr=6.513 | Best=0.1529 | Bname=main[0m
[[36m04-18 12:30:49[0m][[34mdemucs.solver[0m][[32mINFO[0m] - [1mTrain Summary | Epoch 40 | Loss=0.0820 | Reco=0.0820 | Grad=0.0612[0m
[[36m04-18 12:30:49[0m][[34mdemucs.solver[0m][[32mINFO[0m] - [1mValid Summary | Epoch 40 | Loss=0.1547 | Reco=0.1547 | Nsdr=6.512 | Best=0.1529 | Bname=main[0m
[[36m04-18 12:30:49[0m][[34mdemucs.solver[0m][[32mINFO[0m] - [1mTest Summary | Epoch 40 | Nsdr=5.808 | Nsdr_drums=6.831 | Nsdr_bass=5.454 | Nsdr_other=4.240 | Nsdr_vocals=6.707[0m
[[36m04-18 12:30:49[0m][[34mdemucs.solver[0m][[32mINFO[0m] - [1mTrain Summary | Epoch 41 | Loss=0.0818 | Reco=0.0818 | Grad=0.0609[0m
[[36m04-18 12:30:49[0m][[34mdemucs.solver[0m][[32mINFO[0m] - [1mValid Summary | Epoch 41 | Loss=0.1547 | Reco=0.1547 | Nsdr=6.506 | Best=0.1529 | Bname=main[0m
[[36m04-18 12:30:49[0m][[34mdemucs.solver[0m][[32mINFO[0m] - [1mTrain Summary | Epoch 42 | Loss=0.0814 | Reco=0.0814 | Grad=0.0615[0m
[[36m04-18 12:30:49[0m][[34mdemucs.solver[0m][[32mINFO[0m] - [1mValid Summary | Epoch 42 | Loss=0.1541 | Reco=0.1541 | Nsdr=6.551 | Best=0.1529 | Bname=main[0m
[[36m04-18 12:30:49[0m][[34mdemucs.solver[0m][[32mINFO[0m] - [1mTrain Summary | Epoch 43 | Loss=0.0811 | Reco=0.0811 | Grad=0.0622[0m
[[36m04-18 12:30:49[0m][[34mdemucs.solver[0m][[32mINFO[0m] - [1mValid Summary | Epoch 43 | Loss=0.1548 | Reco=0.1548 | Nsdr=6.505 | Best=0.1529 | Bname=main[0m
[[36m04-18 12:30:49[0m][[34mdemucs.solver[0m][[32mINFO[0m] - [1mTrain Summary | Epoch 44 | Loss=0.0810 | Reco=0.0810 | Grad=0.0608[0m
[[36m04-18 12:30:49[0m][[34mdemucs.solver[0m][[32mINFO[0m] - [1mValid Summary | Epoch 44 | Loss=0.1523 | Reco=0.1523 | Nsdr=6.635 | Best=0.1523 | Bname=main[0m
[[36m04-18 12:30:49[0m][[34mdemucs.solver[0m][[32mINFO[0m] - [1mTrain Summary | Epoch 45 | Loss=0.0809 | Reco=0.0809 | Grad=0.0613[0m
[[36m04-18 12:30:49[0m][[34mdemucs.solver[0m][[32mINFO[0m] - [1mValid Summary | Epoch 45 | Loss=0.1528 | Reco=0.1528 | Nsdr=6.588 | Best=0.1523 | Bname=main[0m
[[36m04-18 12:30:49[0m][[34mdemucs.solver[0m][[32mINFO[0m] - [1mTrain Summary | Epoch 46 | Loss=0.0799 | Reco=0.0799 | Grad=0.0591[0m
[[36m04-18 12:30:49[0m][[34mdemucs.solver[0m][[32mINFO[0m] - [1mValid Summary | Epoch 46 | Loss=0.1536 | Reco=0.1536 | Nsdr=6.562 | Best=0.1523 | Bname=main[0m
[[36m04-18 12:30:49[0m][[34mdemucs.solver[0m][[32mINFO[0m] - [1mTrain Summary | Epoch 47 | Loss=0.0777 | Reco=0.0777 | Grad=0.0528[0m
[[36m04-18 12:30:49[0m][[34mdemucs.solver[0m][[32mINFO[0m] - [1mValid Summary | Epoch 47 | Loss=0.1528 | Reco=0.1528 | Nsdr=6.586 | Best=0.1523 | Bname=main[0m
[[36m04-18 12:30:49[0m][[34mdemucs.solver[0m][[32mINFO[0m] - [1mTrain Summary | Epoch 48 | Loss=0.0801 | Reco=0.0801 | Grad=0.0612[0m
[[36m04-18 12:30:49[0m][[34mdemucs.solver[0m][[32mINFO[0m] - [1mValid Summary | Epoch 48 | Loss=0.1552 | Reco=0.1552 | Nsdr=6.552 | Best=0.1523 | Bname=main[0m
[[36m04-18 12:30:49[0m][[34mdemucs.solver[0m][[32mINFO[0m] - [1mTrain Summary | Epoch 49 | Loss=0.0794 | Reco=0.0794 | Grad=0.0590[0m
[[36m04-18 12:30:49[0m][[34mdemucs.solver[0m][[32mINFO[0m] - [1mValid Summary | Epoch 49 | Loss=0.1517 | Reco=0.1517 | Nsdr=6.689 | Best=0.1517 | Bname=main[0m
[[36m04-18 12:30:49[0m][[34mdemucs.solver[0m][[32mINFO[0m] - [1mTrain Summary | Epoch 50 | Loss=0.0788 | Reco=0.0788 | Grad=0.0579[0m
[[36m04-18 12:30:49[0m][[34mdemucs.solver[0m][[32mINFO[0m] - [1mValid Summary | Epoch 50 | Loss=0.1518 | Reco=0.1518 | Nsdr=6.672 | Best=0.1517 | Bname=main[0m
[[36m04-18 12:30:49[0m][[34mdemucs.solver[0m][[32mINFO[0m] - [1mTrain Summary | Epoch 51 | Loss=0.0787 | Reco=0.0787 | Grad=0.0583[0m
[[36m04-18 12:30:49[0m][[34mdemucs.solver[0m][[32mINFO[0m] - [1mValid Summary | Epoch 51 | Loss=0.1518 | Reco=0.1518 | Nsdr=6.640 | Best=0.1517 | Bname=main[0m
[[36m04-18 12:30:49[0m][[34mdemucs.solver[0m][[32mINFO[0m] - [1mTrain Summary | Epoch 52 | Loss=0.0784 | Reco=0.0784 | Grad=0.0592[0m
[[36m04-18 12:30:49[0m][[34mdemucs.solver[0m][[32mINFO[0m] - [1mValid Summary | Epoch 52 | Loss=0.1505 | Reco=0.1505 | Nsdr=6.760 | Best=0.1505 | Bname=main[0m
[[36m04-18 12:30:49[0m][[34mdemucs.solver[0m][[32mINFO[0m] - [1mTrain Summary | Epoch 53 | Loss=0.0782 | Reco=0.0782 | Grad=0.0583[0m
[[36m04-18 12:30:49[0m][[34mdemucs.solver[0m][[32mINFO[0m] - [1mValid Summary | Epoch 53 | Loss=0.1489 | Reco=0.1489 | Nsdr=6.820 | Best=0.1489 | Bname=main[0m
[[36m04-18 12:30:49[0m][[34mdemucs.solver[0m][[32mINFO[0m] - [1mTrain Summary | Epoch 54 | Loss=0.0783 | Reco=0.0783 | Grad=0.0598[0m
[[36m04-18 12:30:49[0m][[34mdemucs.solver[0m][[32mINFO[0m] - [1mValid Summary | Epoch 54 | Loss=0.1510 | Reco=0.1510 | Nsdr=6.737 | Best=0.1489 | Bname=main[0m
[[36m04-18 12:30:49[0m][[34mdemucs.solver[0m][[32mINFO[0m] - [1mTrain Summary | Epoch 55 | Loss=0.0776 | Reco=0.0776 | Grad=0.0578[0m
[[36m04-18 12:30:49[0m][[34mdemucs.solver[0m][[32mINFO[0m] - [1mValid Summary | Epoch 55 | Loss=0.1497 | Reco=0.1497 | Nsdr=6.769 | Best=0.1489 | Bname=main[0m
[[36m04-18 12:30:49[0m][[34mdemucs.solver[0m][[32mINFO[0m] - [1mTrain Summary | Epoch 56 | Loss=0.0775 | Reco=0.0775 | Grad=0.0582[0m
[[36m04-18 12:30:49[0m][[34mdemucs.solver[0m][[32mINFO[0m] - [1mValid Summary | Epoch 56 | Loss=0.1512 | Reco=0.1512 | Nsdr=6.731 | Best=0.1489 | Bname=main[0m
[[36m04-18 12:30:49[0m][[34mdemucs.solver[0m][[32mINFO[0m] - [1mTrain Summary | Epoch 57 | Loss=0.0775 | Reco=0.0775 | Grad=0.0594[0m
[[36m04-18 12:30:49[0m][[34mdemucs.solver[0m][[32mINFO[0m] - [1mValid Summary | Epoch 57 | Loss=0.1496 | Reco=0.1496 | Nsdr=6.785 | Best=0.1489 | Bname=main[0m
[[36m04-18 12:30:49[0m][[34mdemucs.solver[0m][[32mINFO[0m] - [1mTrain Summary | Epoch 58 | Loss=0.0769 | Reco=0.0769 | Grad=0.0579[0m
[[36m04-18 12:30:49[0m][[34mdemucs.solver[0m][[32mINFO[0m] - [1mValid Summary | Epoch 58 | Loss=0.1524 | Reco=0.1524 | Nsdr=6.693 | Best=0.1489 | Bname=main[0m
[[36m04-18 12:30:49[0m][[34mdemucs.solver[0m][[32mINFO[0m] - [1mTrain Summary | Epoch 59 | Loss=0.0771 | Reco=0.0771 | Grad=0.0579[0m
[[36m04-18 12:30:49[0m][[34mdemucs.solver[0m][[32mINFO[0m] - [1mValid Summary | Epoch 59 | Loss=0.1505 | Reco=0.1505 | Nsdr=6.746 | Best=0.1489 | Bname=main[0m
[[36m04-18 12:30:49[0m][[34mdemucs.solver[0m][[32mINFO[0m] - [1mTrain Summary | Epoch 60 | Loss=0.0770 | Reco=0.0770 | Grad=0.0577[0m
[[36m04-18 12:30:49[0m][[34mdemucs.solver[0m][[32mINFO[0m] - [1mValid Summary | Epoch 60 | Loss=0.1512 | Reco=0.1512 | Nsdr=6.721 | Best=0.1489 | Bname=main[0m
[[36m04-18 12:30:49[0m][[34mdemucs.solver[0m][[32mINFO[0m] - [1mTest Summary | Epoch 60 | Nsdr=5.994 | Nsdr_drums=7.062 | Nsdr_bass=5.710 | Nsdr_other=4.321 | Nsdr_vocals=6.882[0m
[[36m04-18 12:30:49[0m][[34mdemucs.solver[0m][[32mINFO[0m] - [1mTrain Summary | Epoch 61 | Loss=0.0771 | Reco=0.0771 | Grad=0.0605[0m
[[36m04-18 12:30:49[0m][[34mdemucs.solver[0m][[32mINFO[0m] - [1mValid Summary | Epoch 61 | Loss=0.1497 | Reco=0.1497 | Nsdr=6.845 | Best=0.1489 | Bname=main[0m
[[36m04-18 12:30:49[0m][[34mdemucs.solver[0m][[32mINFO[0m] - [1mTrain Summary | Epoch 62 | Loss=0.0767 | Reco=0.0767 | Grad=0.0588[0m
[[36m04-18 12:30:49[0m][[34mdemucs.solver[0m][[32mINFO[0m] - [1mValid Summary | Epoch 62 | Loss=0.1506 | Reco=0.1506 | Nsdr=6.805 | Best=0.1489 | Bname=main[0m
[[36m04-18 12:30:49[0m][[34mdemucs.solver[0m][[32mINFO[0m] - [1mTrain Summary | Epoch 63 | Loss=0.0768 | Reco=0.0768 | Grad=0.0599[0m
[[36m04-18 12:30:49[0m][[34mdemucs.solver[0m][[32mINFO[0m] - [1mValid Summary | Epoch 63 | Loss=0.1508 | Reco=0.1508 | Nsdr=6.771 | Best=0.1489 | Bname=main[0m
[[36m04-18 12:30:49[0m][[34mdemucs.solver[0m][[32mINFO[0m] - [1mTrain Summary | Epoch 64 | Loss=0.0766 | Reco=0.0766 | Grad=0.0589[0m
[[36m04-18 12:30:49[0m][[34mdemucs.solver[0m][[32mINFO[0m] - [1mValid Summary | Epoch 64 | Loss=0.1506 | Reco=0.1506 | Nsdr=6.744 | Best=0.1489 | Bname=main[0m
[[36m04-18 12:30:49[0m][[34mdemucs.solver[0m][[32mINFO[0m] - [1mTrain Summary | Epoch 65 | Loss=0.0761 | Reco=0.0761 | Grad=0.0584[0m
[[36m04-18 12:30:49[0m][[34mdemucs.solver[0m][[32mINFO[0m] - [1mValid Summary | Epoch 65 | Loss=0.1491 | Reco=0.1491 | Nsdr=6.867 | Best=0.1489 | Bname=main[0m
[[36m04-18 12:30:49[0m][[34mdemucs.solver[0m][[32mINFO[0m] - [1mTrain Summary | Epoch 66 | Loss=0.0760 | Reco=0.0760 | Grad=0.0578[0m
[[36m04-18 12:30:49[0m][[34mdemucs.solver[0m][[32mINFO[0m] - [1mValid Summary | Epoch 66 | Loss=0.1496 | Reco=0.1496 | Nsdr=6.859 | Best=0.1489 | Bname=main[0m
[[36m04-18 12:30:49[0m][[34mdemucs.solver[0m][[32mINFO[0m] - [1mTrain Summary | Epoch 67 | Loss=0.0762 | Reco=0.0762 | Grad=0.0589[0m
[[36m04-18 12:30:49[0m][[34mdemucs.solver[0m][[32mINFO[0m] - [1mValid Summary | Epoch 67 | Loss=0.1487 | Reco=0.1487 | Nsdr=6.893 | Best=0.1487 | Bname=main[0m
[[36m04-18 12:30:49[0m][[34mdemucs.solver[0m][[32mINFO[0m] - [1mTrain Summary | Epoch 68 | Loss=0.0758 | Reco=0.0758 | Grad=0.0583[0m
[[36m04-18 12:30:49[0m][[34mdemucs.solver[0m][[32mINFO[0m] - [1mValid Summary | Epoch 68 | Loss=0.1486 | Reco=0.1486 | Nsdr=6.906 | Best=0.1486 | Bname=main[0m
[[36m04-18 12:30:49[0m][[34mdemucs.solver[0m][[32mINFO[0m] - [1mTrain Summary | Epoch 69 | Loss=0.0755 | Reco=0.0755 | Grad=0.0575[0m
[[36m04-18 12:30:49[0m][[34mdemucs.solver[0m][[32mINFO[0m] - [1mValid Summary | Epoch 69 | Loss=0.1492 | Reco=0.1492 | Nsdr=6.833 | Best=0.1486 | Bname=main[0m
[[36m04-18 12:30:49[0m][[34mdemucs.solver[0m][[32mINFO[0m] - [1mTrain Summary | Epoch 70 | Loss=0.0759 | Reco=0.0759 | Grad=0.0599[0m
[[36m04-18 12:30:49[0m][[34mdemucs.solver[0m][[32mINFO[0m] - [1mValid Summary | Epoch 70 | Loss=0.1470 | Reco=0.1470 | Nsdr=6.954 | Best=0.1470 | Bname=main[0m
[[36m04-18 12:30:49[0m][[34mdemucs.solver[0m][[32mINFO[0m] - [1mTrain Summary | Epoch 71 | Loss=0.0755 | Reco=0.0755 | Grad=0.0569[0m
[[36m04-18 12:30:49[0m][[34mdemucs.solver[0m][[32mINFO[0m] - [1mValid Summary | Epoch 71 | Loss=0.1490 | Reco=0.1490 | Nsdr=6.913 | Best=0.1470 | Bname=main[0m
[[36m04-18 12:30:49[0m][[34mdemucs.solver[0m][[32mINFO[0m] - [1mTrain Summary | Epoch 72 | Loss=0.0751 | Reco=0.0751 | Grad=0.0580[0m
[[36m04-18 12:30:49[0m][[34mdemucs.solver[0m][[32mINFO[0m] - [1mValid Summary | Epoch 72 | Loss=0.1487 | Reco=0.1487 | Nsdr=6.901 | Best=0.1470 | Bname=main[0m
[[36m04-18 12:30:49[0m][[34mdemucs.solver[0m][[32mINFO[0m] - [1mTrain Summary | Epoch 73 | Loss=0.0749 | Reco=0.0749 | Grad=0.0572[0m
[[36m04-18 12:30:49[0m][[34mdemucs.solver[0m][[32mINFO[0m] - [1mValid Summary | Epoch 73 | Loss=0.1486 | Reco=0.1486 | Nsdr=6.943 | Best=0.1470 | Bname=main[0m
[[36m04-18 12:30:49[0m][[34mdemucs.solver[0m][[32mINFO[0m] - [1mTrain Summary | Epoch 74 | Loss=0.0749 | Reco=0.0749 | Grad=0.0575[0m
[[36m04-18 12:30:49[0m][[34mdemucs.solver[0m][[32mINFO[0m] - [1mValid Summary | Epoch 74 | Loss=0.1505 | Reco=0.1505 | Nsdr=6.780 | Best=0.1470 | Bname=main[0m
[[36m04-18 12:30:49[0m][[34mdemucs.solver[0m][[32mINFO[0m] - [1mTrain Summary | Epoch 75 | Loss=0.0748 | Reco=0.0748 | Grad=0.0573[0m
[[36m04-18 12:30:49[0m][[34mdemucs.solver[0m][[32mINFO[0m] - [1mValid Summary | Epoch 75 | Loss=0.1488 | Reco=0.1488 | Nsdr=6.917 | Best=0.1470 | Bname=main[0m
[[36m04-18 12:30:49[0m][[34mdemucs.solver[0m][[32mINFO[0m] - [1mTrain Summary | Epoch 76 | Loss=0.0747 | Reco=0.0747 | Grad=0.0575[0m
[[36m04-18 12:30:49[0m][[34mdemucs.solver[0m][[32mINFO[0m] - [1mValid Summary | Epoch 76 | Loss=0.1485 | Reco=0.1485 | Nsdr=6.916 | Best=0.1470 | Bname=main[0m
[[36m04-18 12:30:49[0m][[34mdemucs.solver[0m][[32mINFO[0m] - [1mTrain Summary | Epoch 77 | Loss=0.0744 | Reco=0.0744 | Grad=0.0575[0m
[[36m04-18 12:30:49[0m][[34mdemucs.solver[0m][[32mINFO[0m] - [1mValid Summary | Epoch 77 | Loss=0.1481 | Reco=0.1481 | Nsdr=6.940 | Best=0.1470 | Bname=main[0m
[[36m04-18 12:30:49[0m][[34mdemucs.solver[0m][[32mINFO[0m] - [1mTrain Summary | Epoch 78 | Loss=0.0743 | Reco=0.0743 | Grad=0.0580[0m
[[36m04-18 12:30:49[0m][[34mdemucs.solver[0m][[32mINFO[0m] - [1mValid Summary | Epoch 78 | Loss=0.1478 | Reco=0.1478 | Nsdr=6.984 | Best=0.1470 | Bname=main[0m
[[36m04-18 12:30:49[0m][[34mdemucs.solver[0m][[32mINFO[0m] - [1mTrain Summary | Epoch 79 | Loss=0.0744 | Reco=0.0744 | Grad=0.0570[0m
[[36m04-18 12:30:49[0m][[34mdemucs.solver[0m][[32mINFO[0m] - [1mValid Summary | Epoch 79 | Loss=0.1470 | Reco=0.1470 | Nsdr=7.003 | Best=0.1470 | Bname=main[0m
[[36m04-18 12:30:49[0m][[34mdemucs.solver[0m][[32mINFO[0m] - [1mTrain Summary | Epoch 80 | Loss=0.0743 | Reco=0.0743 | Grad=0.0570[0m
[[36m04-18 12:30:49[0m][[34mdemucs.solver[0m][[32mINFO[0m] - [1mValid Summary | Epoch 80 | Loss=0.1481 | Reco=0.1481 | Nsdr=6.927 | Best=0.1470 | Bname=main[0m
[[36m04-18 12:30:49[0m][[34mdemucs.solver[0m][[32mINFO[0m] - [1mTest Summary | Epoch 80 | Nsdr=6.270 | Nsdr_drums=7.473 | Nsdr_bass=6.085 | Nsdr_other=4.507 | Nsdr_vocals=7.015[0m
[[36m04-18 12:30:49[0m][[34mdemucs.solver[0m][[32mINFO[0m] - [1mTrain Summary | Epoch 81 | Loss=0.0741 | Reco=0.0741 | Grad=0.0577[0m
[[36m04-18 12:30:49[0m][[34mdemucs.solver[0m][[32mINFO[0m] - [1mValid Summary | Epoch 81 | Loss=0.1465 | Reco=0.1465 | Nsdr=7.017 | Best=0.1465 | Bname=main[0m
[[36m04-18 12:30:49[0m][[34mdemucs.solver[0m][[32mINFO[0m] - [1mTrain Summary | Epoch 82 | Loss=0.0736 | Reco=0.0736 | Grad=0.0559[0m
[[36m04-18 12:30:49[0m][[34mdemucs.solver[0m][[32mINFO[0m] - [1mValid Summary | Epoch 82 | Loss=0.1481 | Reco=0.1481 | Nsdr=6.934 | Best=0.1465 | Bname=main[0m
[[36m04-18 12:30:49[0m][[34mdemucs.solver[0m][[32mINFO[0m] - [1mTrain Summary | Epoch 83 | Loss=0.0737 | Reco=0.0737 | Grad=0.0573[0m
[[36m04-18 12:30:49[0m][[34mdemucs.solver[0m][[32mINFO[0m] - [1mValid Summary | Epoch 83 | Loss=0.1475 | Reco=0.1475 | Nsdr=7.000 | Best=0.1465 | Bname=main[0m
[[36m04-18 12:30:49[0m][[34mdemucs.solver[0m][[32mINFO[0m] - [1mTrain Summary | Epoch 84 | Loss=0.0734 | Reco=0.0734 | Grad=0.0563[0m
[[36m04-18 12:30:49[0m][[34mdemucs.solver[0m][[32mINFO[0m] - [1mValid Summary | Epoch 84 | Loss=0.1480 | Reco=0.1480 | Nsdr=6.942 | Best=0.1465 | Bname=main[0m
[[36m04-18 12:30:49[0m][[34mdemucs.solver[0m][[32mINFO[0m] - [1mTrain Summary | Epoch 85 | Loss=0.0732 | Reco=0.0732 | Grad=0.0563[0m
[[36m04-18 12:30:49[0m][[34mdemucs.solver[0m][[32mINFO[0m] - [1mValid Summary | Epoch 85 | Loss=0.1468 | Reco=0.1468 | Nsdr=7.004 | Best=0.1465 | Bname=main[0m
[[36m04-18 12:30:49[0m][[34mdemucs.solver[0m][[32mINFO[0m] - [1mTrain Summary | Epoch 86 | Loss=0.0732 | Reco=0.0732 | Grad=0.0568[0m
[[36m04-18 12:30:49[0m][[34mdemucs.solver[0m][[32mINFO[0m] - [1mValid Summary | Epoch 86 | Loss=0.1448 | Reco=0.1448 | Nsdr=7.123 | Best=0.1448 | Bname=main[0m
[[36m04-18 12:30:49[0m][[34mdemucs.solver[0m][[32mINFO[0m] - [1mTrain Summary | Epoch 87 | Loss=0.0731 | Reco=0.0731 | Grad=0.0556[0m
[[36m04-18 12:30:49[0m][[34mdemucs.solver[0m][[32mINFO[0m] - [1mValid Summary | Epoch 87 | Loss=0.1452 | Reco=0.1452 | Nsdr=7.114 | Best=0.1448 | Bname=main[0m
[[36m04-18 12:30:49[0m][[34mdemucs.solver[0m][[32mINFO[0m] - [1mTrain Summary | Epoch 88 | Loss=0.0731 | Reco=0.0731 | Grad=0.0573[0m
[[36m04-18 12:30:49[0m][[34mdemucs.solver[0m][[32mINFO[0m] - [1mValid Summary | Epoch 88 | Loss=0.1445 | Reco=0.1445 | Nsdr=7.149 | Best=0.1445 | Bname=main[0m
[[36m04-18 12:30:49[0m][[34mdemucs.solver[0m][[32mINFO[0m] - [1mTrain Summary | Epoch 89 | Loss=0.0727 | Reco=0.0727 | Grad=0.0562[0m
[[36m04-18 12:30:49[0m][[34mdemucs.solver[0m][[32mINFO[0m] - [1mValid Summary | Epoch 89 | Loss=0.1452 | Reco=0.1452 | Nsdr=7.113 | Best=0.1445 | Bname=main[0m
[[36m04-18 12:30:49[0m][[34mdemucs.solver[0m][[32mINFO[0m] - [1mTrain Summary | Epoch 90 | Loss=0.0730 | Reco=0.0730 | Grad=0.0566[0m
[[36m04-18 12:30:49[0m][[34mdemucs.solver[0m][[32mINFO[0m] - [1mValid Summary | Epoch 90 | Loss=0.1444 | Reco=0.1444 | Nsdr=7.116 | Best=0.1444 | Bname=main[0m
[[36m04-18 12:30:49[0m][[34mdemucs.solver[0m][[32mINFO[0m] - [1mTrain Summary | Epoch 91 | Loss=0.0725 | Reco=0.0725 | Grad=0.0557[0m
[[36m04-18 12:30:49[0m][[34mdemucs.solver[0m][[32mINFO[0m] - [1mValid Summary | Epoch 91 | Loss=0.1450 | Reco=0.1450 | Nsdr=7.125 | Best=0.1444 | Bname=main[0m
[[36m04-18 12:30:49[0m][[34mdemucs.solver[0m][[32mINFO[0m] - [1mTrain Summary | Epoch 92 | Loss=0.0724 | Reco=0.0724 | Grad=0.0557[0m
[[36m04-18 12:30:49[0m][[34mdemucs.solver[0m][[32mINFO[0m] - [1mValid Summary | Epoch 92 | Loss=0.1469 | Reco=0.1469 | Nsdr=7.020 | Best=0.1444 | Bname=main[0m
[[36m04-18 12:30:49[0m][[34mdemucs.solver[0m][[32mINFO[0m] - [1mTrain Summary | Epoch 93 | Loss=0.0723 | Reco=0.0723 | Grad=0.0558[0m
[[36m04-18 12:30:49[0m][[34mdemucs.solver[0m][[32mINFO[0m] - [1mValid Summary | Epoch 93 | Loss=0.1476 | Reco=0.1476 | Nsdr=6.978 | Best=0.1444 | Bname=main[0m
[[36m04-18 12:30:49[0m][[34mdemucs.solver[0m][[32mINFO[0m] - [1mTrain Summary | Epoch 94 | Loss=0.0725 | Reco=0.0725 | Grad=0.0564[0m
[[36m04-18 12:30:49[0m][[34mdemucs.solver[0m][[32mINFO[0m] - [1mValid Summary | Epoch 94 | Loss=0.1459 | Reco=0.1459 | Nsdr=7.108 | Best=0.1444 | Bname=main[0m
[[36m04-18 12:30:49[0m][[34mdemucs.solver[0m][[32mINFO[0m] - [1mTrain Summary | Epoch 95 | Loss=0.0721 | Reco=0.0721 | Grad=0.0560[0m
[[36m04-18 12:30:49[0m][[34mdemucs.solver[0m][[32mINFO[0m] - [1mValid Summary | Epoch 95 | Loss=0.1458 | Reco=0.1458 | Nsdr=7.073 | Best=0.1444 | Bname=main[0m
[[36m04-18 12:30:49[0m][[34mdemucs.solver[0m][[32mINFO[0m] - [1mTrain Summary | Epoch 96 | Loss=0.0720 | Reco=0.0720 | Grad=0.0555[0m
[[36m04-18 12:30:49[0m][[34mdemucs.solver[0m][[32mINFO[0m] - [1mValid Summary | Epoch 96 | Loss=0.1462 | Reco=0.1462 | Nsdr=7.087 | Best=0.1444 | Bname=main[0m
[[36m04-18 12:30:49[0m][[34mdemucs.solver[0m][[32mINFO[0m] - [1mTrain Summary | Epoch 97 | Loss=0.0722 | Reco=0.0722 | Grad=0.0564[0m
[[36m04-18 12:30:49[0m][[34mdemucs.solver[0m][[32mINFO[0m] - [1mValid Summary | Epoch 97 | Loss=0.1455 | Reco=0.1455 | Nsdr=7.080 | Best=0.1444 | Bname=main[0m
[[36m04-18 12:30:49[0m][[34mdemucs.solver[0m][[32mINFO[0m] - [1mTrain Summary | Epoch 98 | Loss=0.0719 | Reco=0.0719 | Grad=0.0551[0m
[[36m04-18 12:30:49[0m][[34mdemucs.solver[0m][[32mINFO[0m] - [1mValid Summary | Epoch 98 | Loss=0.1455 | Reco=0.1455 | Nsdr=7.101 | Best=0.1444 | Bname=main[0m
[[36m04-18 12:30:49[0m][[34mdemucs.solver[0m][[32mINFO[0m] - [1mTrain Summary | Epoch 99 | Loss=0.0714 | Reco=0.0714 | Grad=0.0551[0m
[[36m04-18 12:30:49[0m][[34mdemucs.solver[0m][[32mINFO[0m] - [1mValid Summary | Epoch 99 | Loss=0.1451 | Reco=0.1451 | Nsdr=7.132 | Best=0.1444 | Bname=main[0m
[[36m04-18 12:30:49[0m][[34mdemucs.solver[0m][[32mINFO[0m] - [1mTrain Summary | Epoch 100 | Loss=0.0715 | Reco=0.0715 | Grad=0.0540[0m
[[36m04-18 12:30:49[0m][[34mdemucs.solver[0m][[32mINFO[0m] - [1mValid Summary | Epoch 100 | Loss=0.1464 | Reco=0.1464 | Nsdr=7.066 | Best=0.1444 | Bname=main[0m
[[36m04-18 12:30:49[0m][[34mdemucs.solver[0m][[32mINFO[0m] - [1mTest Summary | Epoch 100 | Nsdr=6.313 | Nsdr_drums=7.545 | Nsdr_bass=6.149 | Nsdr_other=4.507 | Nsdr_vocals=7.050[0m
[[36m04-18 12:30:49[0m][[34mdemucs.solver[0m][[32mINFO[0m] - [1mTrain Summary | Epoch 101 | Loss=0.0716 | Reco=0.0716 | Grad=0.0556[0m
[[36m04-18 12:30:49[0m][[34mdemucs.solver[0m][[32mINFO[0m] - [1mValid Summary | Epoch 101 | Loss=0.1453 | Reco=0.1453 | Nsdr=7.138 | Best=0.1444 | Bname=main[0m
[[36m04-18 12:30:49[0m][[34mdemucs.solver[0m][[32mINFO[0m] - ----------------------------------------------------------------------[0m
[[36m04-18 12:30:49[0m][[34mdemucs.solver[0m][[32mINFO[0m] - Training...[0m
running 1 epoch
logging progress
[[36m04-18 12:31:18[0m][[34mdemucs.solver[0m][[32mINFO[0m] - Epoch 102 - Step 1/2296 - Loss: 0.0453[0m
[[36m04-18 12:33:42[0m][[34mdemucs.solver[0m][[32mINFO[0m] - Epoch 102 - Step 101/2296 - Loss: 0.0724[0m
[[36m04-18 12:35:45[0m][[34mdemucs.solver[0m][[32mINFO[0m] - Epoch 102 - Step 201/2296 - Loss: 0.0583[0m
[[36m04-18 12:37:46[0m][[34mdemucs.solver[0m][[32mINFO[0m] - Epoch 102 - Step 301/2296 - Loss: 0.0415[0m
[[36m04-18 12:39:48[0m][[34mdemucs.solver[0m][[32mINFO[0m] - Epoch 102 - Step 401/2296 - Loss: 0.0731[0m
[[36m04-18 12:41:50[0m][[34mdemucs.solver[0m][[32mINFO[0m] - Epoch 102 - Step 501/2296 - Loss: 0.0627[0m
[[36m04-18 12:43:21[0m][[34mdemucs.solver[0m][[32mINFO[0m] - Train | Epoch 102 | 574/2296 | 0.76 it/sec | Loss 0.0709 | Reco 0.0709 | Grad 0.0520[0m
[[36m04-18 12:43:52[0m][[34mdemucs.solver[0m][[32mINFO[0m] - Epoch 102 - Step 601/2296 - Loss: 0.0710[0m
[[36m04-18 12:45:54[0m][[34mdemucs.solver[0m][[32mINFO[0m] - Epoch 102 - Step 701/2296 - Loss: 0.0590[0m
[[36m04-18 12:47:56[0m][[34mdemucs.solver[0m][[32mINFO[0m] - Epoch 102 - Step 801/2296 - Loss: 0.0753[0m
[[36m04-18 12:50:02[0m][[34mdemucs.solver[0m][[32mINFO[0m] - Epoch 102 - Step 901/2296 - Loss: 0.0671[0m
[[36m04-18 12:52:04[0m][[34mdemucs.solver[0m][[32mINFO[0m] - Epoch 102 - Step 1001/2296 - Loss: 0.0598[0m
[[36m04-18 12:54:05[0m][[34mdemucs.solver[0m][[32mINFO[0m] - Epoch 102 - Step 1101/2296 - Loss: 0.0693[0m
[[36m04-18 12:55:05[0m][[34mdemucs.solver[0m][[32mINFO[0m] - Train | Epoch 102 | 1148/2296 | 0.79 it/sec | Loss 0.0712 | Reco 0.0712 | Grad 0.0539[0m
[[36m04-18 12:56:08[0m][[34mdemucs.solver[0m][[32mINFO[0m] - Epoch 102 - Step 1201/2296 - Loss: 0.0678[0m
[[36m04-18 12:58:09[0m][[34mdemucs.solver[0m][[32mINFO[0m] - Epoch 102 - Step 1301/2296 - Loss: 0.0686[0m
[[36m04-18 13:00:11[0m][[34mdemucs.solver[0m][[32mINFO[0m] - Epoch 102 - Step 1401/2296 - Loss: 0.0520[0m
[[36m04-18 13:02:14[0m][[34mdemucs.solver[0m][[32mINFO[0m] - Epoch 102 - Step 1501/2296 - Loss: 0.0637[0m
[[36m04-18 13:04:15[0m][[34mdemucs.solver[0m][[32mINFO[0m] - Epoch 102 - Step 1601/2296 - Loss: 0.0589[0m
[[36m04-18 13:06:18[0m][[34mdemucs.solver[0m][[32mINFO[0m] - Epoch 102 - Step 1701/2296 - Loss: 0.0638[0m
[[36m04-18 13:06:45[0m][[34mdemucs.solver[0m][[32mINFO[0m] - Train | Epoch 102 | 1722/2296 | 0.80 it/sec | Loss 0.0711 | Reco 0.0711 | Grad 0.0540[0m
[[36m04-18 13:08:19[0m][[34mdemucs.solver[0m][[32mINFO[0m] - Epoch 102 - Step 1801/2296 - Loss: 0.0888[0m
[[36m04-18 13:10:21[0m][[34mdemucs.solver[0m][[32mINFO[0m] - Epoch 102 - Step 1901/2296 - Loss: 0.0842[0m
[[36m04-18 13:12:24[0m][[34mdemucs.solver[0m][[32mINFO[0m] - Epoch 102 - Step 2001/2296 - Loss: 0.0507[0m
[[36m04-18 13:14:26[0m][[34mdemucs.solver[0m][[32mINFO[0m] - Epoch 102 - Step 2101/2296 - Loss: 0.0781[0m
[[36m04-18 13:16:28[0m][[34mdemucs.solver[0m][[32mINFO[0m] - Epoch 102 - Step 2201/2296 - Loss: 0.0965[0m
done running 1 epoch
[[36m04-18 13:18:30[0m][[34mdemucs.solver[0m][[32mINFO[0m] - [1mTrain Summary | Epoch 102 | Loss=0.0711 | Reco=0.0711 | Grad=0.0545[0m
[[36m04-18 13:18:30[0m][[34mdemucs.solver[0m][[32mINFO[0m] - ----------------------------------------------------------------------[0m
[[36m04-18 13:18:30[0m][[34mdemucs.solver[0m][[32mINFO[0m] - Cross validation...[0m
logging progress
[[36m04-18 13:18:48[0m][[34mdemucs.solver[0m][[32mINFO[0m] - Epoch 102 - Step 1/34.00967025756836 - Loss: 0.1193[0m
[[36m04-18 13:18:56[0m][[34mdemucs.solver[0m][[32mINFO[0m] - Valid | Epoch 102 | 3/14 | 0.16 it/sec | Loss 0.1224 | Reco 0.1224 | Nsdr 8.193[0m
[[36m04-18 13:19:06[0m][[34mdemucs.solver[0m][[32mINFO[0m] - Valid | Epoch 102 | 6/14 | 0.20 it/sec | Loss 0.1254 | Reco 0.1254 | Nsdr 8.223[0m
[[36m04-18 13:19:15[0m][[34mdemucs.solver[0m][[32mINFO[0m] - Valid | Epoch 102 | 9/14 | 0.23 it/sec | Loss 0.1293 | Reco 0.1293 | Nsdr 7.804[0m
[[36m04-18 13:19:23[0m][[34mdemucs.solver[0m][[32mINFO[0m] - Valid | Epoch 102 | 12/14 | 0.25 it/sec | Loss 0.1381 | Reco 0.1381 | Nsdr 7.445[0m
[[36m04-18 13:19:28[0m][[34mdemucs.solver[0m][[32mINFO[0m] - [1mValid Summary | Epoch 102 | Loss=0.1433 | Reco=0.1433 | Nsdr=7.200 | Best=0.1433 | Bname=main[0m
[[36m04-18 13:19:28[0m][[34mdemucs.solver[0m][[32mINFO[0m] - [1mNew best valid loss 0.1433[0m
[INFO] Free disk space: 7444361.92 GB
[INFO] Checkpoint size: 411.12 MB
Error executing job with overrides: ['model=htdemucs']
Traceback (most recent call last):
  File "/project/6002780/kaim/demucs/demucs_env/lib/python3.10/site-packages/torch/serialization.py", line 619, in save
    _save(obj, opened_zipfile, pickle_module, pickle_protocol, _disable_byteorder_record)
  File "/project/6002780/kaim/demucs/demucs_env/lib/python3.10/site-packages/torch/serialization.py", line 853, in _save
    zip_file.write_record(name, storage.data_ptr(), num_bytes)
OSError: [Errno 7] Argument list too long

During handling of the above exception, another exception occurred:

Traceback (most recent call last):
  File "/project/6002780/kaim/demucs/demucs_env/lib/python3.10/site-packages/dora/utils.py", line 56, in write_and_rename
    yield f
  File "/project/6002780/kaim/demucs/demucs/solver.py", line 107, in _serialize
    torch.save(package, tmp)
  File "/project/6002780/kaim/demucs/demucs_env/lib/python3.10/site-packages/torch/serialization.py", line 618, in save
    with _open_zipfile_writer(f) as opened_zipfile:
  File "/project/6002780/kaim/demucs/demucs_env/lib/python3.10/site-packages/torch/serialization.py", line 482, in __exit__
    self.file_like.write_end_of_file()
RuntimeError: [enforce fail at inline_container.cc:424] . unexpected pos 411654720 vs 411654612

During handling of the above exception, another exception occurred:

Traceback (most recent call last):
  File "/project/6002780/kaim/demucs/demucs/train.py", line 284, in main
    solver.train()
  File "/project/6002780/kaim/demucs/demucs/solver.py", line 319, in train
    self._serialize(epoch)
  File "/project/6002780/kaim/demucs/demucs/solver.py", line 106, in _serialize
    with write_and_rename(self.checkpoint_file) as tmp:
  File "/cvmfs/soft.computecanada.ca/easybuild/software/2023/x86-64-v3/Compiler/gcccore/python/3.10.13/lib/python3.10/contextlib.py", line 153, in __exit__
    self.gen.throw(typ, value, traceback)
  File "/project/6002780/kaim/demucs/demucs_env/lib/python3.10/site-packages/dora/utils.py", line 55, in write_and_rename
    with open(tmp_path, mode) as f:
OSError: [Errno 7] Argument list too long

Set the environment variable HYDRA_FULL_ERROR=1 for a complete stack trace.
[1;34mwandb[0m: 
[1;34mwandb[0m: üöÄ View run [33mdemucs_2025-04-18[0m at: [34mhttps://wandb.ai/kaimikkelsen-mcgill-university/demucs/runs/jng30y8i[0m
[1;34mwandb[0m: Find logs at: [1;35mwandb/run-20250418_123022-jng30y8i/logs[0m
